This file contains any messages produced by compilers while
running configure, to aid debugging if configure makes a mistake.

It was created by liblo configure 0.26, which was
generated by GNU Autoconf 2.68.  Invocation command line was

  $ ./configure --no-create --no-recursion

## --------- ##
## Platform. ##
## --------- ##

hostname = Alistair-de-Blacquiere-Clarksons-MacBook-Pro.local
uname -m = x86_64
uname -r = 10.8.0
uname -s = Darwin
uname -v = Darwin Kernel Version 10.8.0: Tue Jun  7 16:32:41 PDT 2011; root:xnu-1504.15.3~1/RELEASE_X86_64

/usr/bin/uname -p = i386
/bin/uname -X     = unknown

/bin/arch              = unknown
/usr/bin/arch -k       = unknown
/usr/convex/getsysinfo = unknown
/usr/bin/hostinfo      = Mach kernel version:
	 Darwin Kernel Version 10.8.0: Tue Jun  7 16:32:41 PDT 2011; root:xnu-1504.15.3~1/RELEASE_X86_64
Kernel configured for up to 8 processors.
4 processors are physically available.
8 processors are logically available.
Processor type: i486 (Intel 80486)
Processors active: 0 1 2 3 4 5 6 7
Primary memory available: 4.00 gigabytes
Default processor set: 78 tasks, 397 threads, 8 processors
Load average: 0.81, Mach factor: 7.18
/bin/machine           = unknown
/usr/bin/oslevel       = unknown
/bin/universe          = unknown

PATH: /opt/local/bin
PATH: /opt/local/sbin
PATH: /usr/bin
PATH: /bin
PATH: /usr/sbin
PATH: /sbin
PATH: /usr/local/bin
PATH: /usr/X11/bin


## ----------- ##
## Core tests. ##
## ----------- ##

configure:2432: checking for a BSD-compatible install
configure:2500: result: /usr/bin/install -c
configure:2511: checking whether build environment is sane
configure:2548: result: yes
configure:2573: checking for a thread-safe mkdir -p
configure:2612: result: ./install-sh -c -d
configure:2625: checking for gawk
configure:2655: result: no
configure:2625: checking for mawk
configure:2655: result: no
configure:2625: checking for nawk
configure:2655: result: no
configure:2625: checking for awk
configure:2641: found /usr/bin/awk
configure:2652: result: awk
configure:2663: checking whether make sets $(MAKE)
configure:2685: result: yes
configure:2993: checking for gcc
configure:3009: found /usr/bin/gcc
configure:3020: result: gcc
configure:3249: checking for C compiler version
configure:3258: gcc --version >&5
i686-apple-darwin10-gcc-4.2.1 (GCC) 4.2.1 (Apple Inc. build 5666) (dot 3)
Copyright (C) 2007 Free Software Foundation, Inc.
This is free software; see the source for copying conditions.  There is NO
warranty; not even for MERCHANTABILITY or FITNESS FOR A PARTICULAR PURPOSE.

configure:3269: $? = 0
configure:3258: gcc -v >&5
Using built-in specs.
Target: i686-apple-darwin10
Configured with: /var/tmp/gcc/gcc-5666.3~6/src/configure --disable-checking --enable-werror --prefix=/usr --mandir=/share/man --enable-languages=c,objc,c++,obj-c++ --program-transform-name=/^[cg][^.-]*$/s/$/-4.2/ --with-slibdir=/usr/lib --build=i686-apple-darwin10 --program-prefix=i686-apple-darwin10- --host=x86_64-apple-darwin10 --target=i686-apple-darwin10 --with-gxx-include-dir=/include/c++/4.2.1
Thread model: posix
gcc version 4.2.1 (Apple Inc. build 5666) (dot 3)
configure:3269: $? = 0
configure:3258: gcc -V >&5
gcc-4.2: argument to `-V' is missing
configure:3269: $? = 1
configure:3258: gcc -qversion >&5
i686-apple-darwin10-gcc-4.2.1: no input files
configure:3269: $? = 1
configure:3289: checking whether the C compiler works
configure:3311: gcc    conftest.c  >&5
configure:3315: $? = 0
configure:3363: result: yes
configure:3366: checking for C compiler default output file name
configure:3368: result: a.out
configure:3374: checking for suffix of executables
configure:3381: gcc -o conftest    conftest.c  >&5
configure:3385: $? = 0
configure:3407: result: 
configure:3429: checking whether we are cross compiling
configure:3437: gcc -o conftest    conftest.c  >&5
configure:3441: $? = 0
configure:3448: ./conftest
configure:3452: $? = 0
configure:3467: result: no
configure:3472: checking for suffix of object files
configure:3494: gcc -c   conftest.c >&5
configure:3498: $? = 0
configure:3519: result: o
configure:3523: checking whether we are using the GNU C compiler
configure:3542: gcc -c   conftest.c >&5
configure:3542: $? = 0
configure:3551: result: yes
configure:3560: checking whether gcc accepts -g
configure:3580: gcc -c -g  conftest.c >&5
configure:3580: $? = 0
configure:3621: result: yes
configure:3638: checking for gcc option to accept ISO C89
configure:3702: gcc  -c -g -O2  conftest.c >&5
configure:3702: $? = 0
configure:3715: result: none needed
configure:3746: checking for style of include used by make
configure:3774: result: GNU
configure:3799: checking dependency style of gcc
configure:3890: result: gcc3
configure:3934: checking build system type
configure:3948: result: i386-apple-darwin10.8.0
configure:3968: checking host system type
configure:3981: result: i386-apple-darwin10.8.0
configure:4001: checking for a sed that does not truncate output
configure:4065: result: /usr/bin/sed
configure:4083: checking for grep that handles long lines and -e
configure:4141: result: /usr/bin/grep
configure:4146: checking for egrep
configure:4208: result: /usr/bin/grep -E
configure:4213: checking for fgrep
configure:4275: result: /usr/bin/grep -F
configure:4310: checking for ld used by gcc
configure:4377: result: /usr/libexec/gcc/i686-apple-darwin10/4.2.1/ld
configure:4384: checking if the linker (/usr/libexec/gcc/i686-apple-darwin10/4.2.1/ld) is GNU ld
configure:4399: result: no
configure:4411: checking for BSD- or MS-compatible name lister (nm)
configure:4460: result: /usr/bin/nm
configure:4578: checking the name lister (/usr/bin/nm) interface
configure:4585: gcc -c -g -O2  conftest.c >&5
configure:4588: /usr/bin/nm "conftest.o"
configure:4591: output
0000000000000194 D _some_variable
configure:4598: result: BSD nm
configure:4601: checking whether ln -s works
configure:4605: result: yes
configure:4613: checking the maximum length of command line arguments
configure:4733: result: 196608
configure:4750: checking whether the shell understands some XSI constructs
configure:4760: result: yes
configure:4764: checking whether the shell understands "+="
configure:4770: result: yes
configure:4805: checking for /usr/libexec/gcc/i686-apple-darwin10/4.2.1/ld option to reload object files
configure:4812: result: -r
configure:4839: checking how to recognize dependent libraries
configure:5029: result: pass_all
configure:5089: checking for ar
configure:5105: found /usr/bin/ar
configure:5116: result: ar
configure:5194: checking for strip
configure:5210: found /usr/bin/strip
configure:5221: result: strip
configure:5293: checking for ranlib
configure:5309: found /usr/bin/ranlib
configure:5320: result: ranlib
configure:5410: checking command to parse /usr/bin/nm output from gcc object
configure:5528: gcc -c -g -O2  conftest.c >&5
configure:5531: $? = 0
configure:5535: /usr/bin/nm conftest.o \| sed -n -e 's/^.*[	 ]\([BCDEGRST][BCDEGRST]*\)[	 ][	 ]*\([_A-Za-z][_A-Za-z0-9]*\)$/\1 \2 \2/p' \> conftest.nm
configure:5538: $? = 0
cannot find nm_test_var in conftest.nm
configure:5528: gcc -c -g -O2  conftest.c >&5
configure:5531: $? = 0
configure:5535: /usr/bin/nm conftest.o \| sed -n -e 's/^.*[	 ]\([BCDEGRST][BCDEGRST]*\)[	 ][	 ]*_\([_A-Za-z][_A-Za-z0-9]*\)$/\1 _\2 \2/p' \> conftest.nm
configure:5538: $? = 0
configure:5592: gcc -o conftest -g -O2   conftest.c conftstm.o >&5
configure:5595: $? = 0
configure:5633: result: ok
configure:5898: checking for dsymutil
configure:5914: found /usr/bin/dsymutil
configure:5925: result: dsymutil
configure:5990: checking for nmedit
configure:6006: found /usr/bin/nmedit
configure:6017: result: nmedit
configure:6082: checking for lipo
configure:6098: found /usr/bin/lipo
configure:6109: result: lipo
configure:6174: checking for otool
configure:6190: found /usr/bin/otool
configure:6201: result: otool
configure:6266: checking for otool64
configure:6296: result: no
configure:6341: checking for -single_module linker flag
gcc -g -O2  -o libconftest.dylib -dynamiclib -Wl,-single_module conftest.c
configure:6368: result: yes
configure:6370: checking for -exported_symbols_list linker flag
configure:6390: gcc -o conftest -g -O2   -Wl,-exported_symbols_list,conftest.sym conftest.c  >&5
configure:6390: $? = 0
configure:6400: result: yes
configure:6442: checking how to run the C preprocessor
configure:6473: gcc -E  conftest.c
configure:6473: $? = 0
configure:6487: gcc -E  conftest.c
conftest.c:11:28: error: ac_nonexistent.h: No such file or directory
configure:6487: $? = 1
configure: failed program was:
| /* confdefs.h */
| #define PACKAGE_NAME "liblo"
| #define PACKAGE_TARNAME "liblo"
| #define PACKAGE_VERSION "0.26"
| #define PACKAGE_STRING "liblo 0.26"
| #define PACKAGE_BUGREPORT "liblo-devel@lists.sourceforge.net"
| #define PACKAGE_URL ""
| #define PACKAGE "liblo"
| #define VERSION "0.26"
| /* end confdefs.h.  */
| #include <ac_nonexistent.h>
configure:6512: result: gcc -E
configure:6532: gcc -E  conftest.c
configure:6532: $? = 0
configure:6546: gcc -E  conftest.c
conftest.c:11:28: error: ac_nonexistent.h: No such file or directory
configure:6546: $? = 1
configure: failed program was:
| /* confdefs.h */
| #define PACKAGE_NAME "liblo"
| #define PACKAGE_TARNAME "liblo"
| #define PACKAGE_VERSION "0.26"
| #define PACKAGE_STRING "liblo 0.26"
| #define PACKAGE_BUGREPORT "liblo-devel@lists.sourceforge.net"
| #define PACKAGE_URL ""
| #define PACKAGE "liblo"
| #define VERSION "0.26"
| /* end confdefs.h.  */
| #include <ac_nonexistent.h>
configure:6575: checking for ANSI C header files
configure:6595: gcc -c -g -O2  conftest.c >&5
configure:6595: $? = 0
configure:6668: gcc -o conftest -g -O2   conftest.c  >&5
configure:6668: $? = 0
configure:6668: ./conftest
configure:6668: $? = 0
configure:6679: result: yes
configure:6692: checking for sys/types.h
configure:6692: gcc -c -g -O2  conftest.c >&5
configure:6692: $? = 0
configure:6692: result: yes
configure:6692: checking for sys/stat.h
configure:6692: gcc -c -g -O2  conftest.c >&5
configure:6692: $? = 0
configure:6692: result: yes
configure:6692: checking for stdlib.h
configure:6692: gcc -c -g -O2  conftest.c >&5
configure:6692: $? = 0
configure:6692: result: yes
configure:6692: checking for string.h
configure:6692: gcc -c -g -O2  conftest.c >&5
configure:6692: $? = 0
configure:6692: result: yes
configure:6692: checking for memory.h
configure:6692: gcc -c -g -O2  conftest.c >&5
configure:6692: $? = 0
configure:6692: result: yes
configure:6692: checking for strings.h
configure:6692: gcc -c -g -O2  conftest.c >&5
configure:6692: $? = 0
configure:6692: result: yes
configure:6692: checking for inttypes.h
configure:6692: gcc -c -g -O2  conftest.c >&5
configure:6692: $? = 0
configure:6692: result: yes
configure:6692: checking for stdint.h
configure:6692: gcc -c -g -O2  conftest.c >&5
configure:6692: $? = 0
configure:6692: result: yes
configure:6692: checking for unistd.h
configure:6692: gcc -c -g -O2  conftest.c >&5
configure:6692: $? = 0
configure:6692: result: yes
configure:6706: checking for dlfcn.h
configure:6706: gcc -c -g -O2  conftest.c >&5
configure:6706: $? = 0
configure:6706: result: yes
configure:6830: checking for objdir
configure:6845: result: .libs
configure:7137: checking if gcc supports -fno-rtti -fno-exceptions
configure:7155: gcc -c -g -O2  -fno-rtti -fno-exceptions conftest.c >&5
cc1: warning: command line option "-fno-rtti" is valid for C++/ObjC++ but not for C
configure:7159: $? = 0
configure:7172: result: no
configure:7192: checking for gcc option to produce PIC
configure:7449: result: -fno-common -DPIC
configure:7461: checking if gcc PIC flag -fno-common -DPIC works
configure:7479: gcc -c -g -O2  -fno-common -DPIC -DPIC conftest.c >&5
configure:7483: $? = 0
configure:7496: result: yes
configure:7520: checking if gcc static flag -static works
configure:7548: result: no
configure:7563: checking if gcc supports -c -o file.o
configure:7584: gcc -c -g -O2  -o out/conftest2.o conftest.c >&5
configure:7588: $? = 0
configure:7610: result: yes
configure:7618: checking if gcc supports -c -o file.o
configure:7665: result: yes
configure:7698: checking whether the gcc linker (/usr/libexec/gcc/i686-apple-darwin10/4.2.1/ld) supports shared libraries
configure:8677: result: yes
configure:8916: checking dynamic linker characteristics
configure:9579: result: darwin10.8.0 dyld
configure:9681: checking how to hardcode library paths into programs
configure:9706: result: immediate
configure:10234: checking whether stripping libraries is possible
configure:10248: result: yes
configure:10274: checking if libtool supports shared libraries
configure:10276: result: yes
configure:10279: checking whether to build shared libraries
configure:10300: result: yes
configure:10303: checking whether to build static libraries
configure:10307: result: no
configure:10343: checking whether gcc and cc understand -c and -o together
configure:10374: gcc -c conftest.c -o conftest2.o >&5
configure:10378: $? = 0
configure:10384: gcc -c conftest.c -o conftest2.o >&5
configure:10388: $? = 0
configure:10399: cc -c conftest.c >&5
configure:10403: $? = 0
configure:10411: cc -c conftest.c -o conftest2.o >&5
configure:10415: $? = 0
configure:10421: cc -c conftest.c -o conftest2.o >&5
configure:10425: $? = 0
configure:10443: result: yes
configure:10469: checking for doxygen
configure:10499: result: no
configure:10507: checking for pthread_create in -lpthread
configure:10532: gcc -o conftest -g -O2   conftest.c -lpthread   >&5
configure:10532: $? = 0
configure:10541: result: yes
configure:10552: checking for library containing recvfrom
configure:10583: gcc -o conftest -g -O2   conftest.c -lpthread  >&5
configure:10583: $? = 0
configure:10600: result: none required
configure:10608: checking for log
configure:10608: gcc -o conftest -g -O2   conftest.c -lpthread  >&5
conftest.c:47: warning: conflicting types for built-in function 'log'
configure:10608: $? = 0
configure:10608: result: yes
configure:10661: checking for ANSI C header files
configure:10765: result: yes
configure:10776: checking netdb.h usability
configure:10776: gcc -c -g -O2  conftest.c >&5
configure:10776: $? = 0
configure:10776: result: yes
configure:10776: checking netdb.h presence
configure:10776: gcc -E  conftest.c
configure:10776: $? = 0
configure:10776: result: yes
configure:10776: checking for netdb.h
configure:10776: result: yes
configure:10776: checking netinet/in.h usability
configure:10776: gcc -c -g -O2  conftest.c >&5
configure:10776: $? = 0
configure:10776: result: yes
configure:10776: checking netinet/in.h presence
configure:10776: gcc -E  conftest.c
configure:10776: $? = 0
configure:10776: result: yes
configure:10776: checking for netinet/in.h
configure:10776: result: yes
configure:10776: checking for stdlib.h
configure:10776: result: yes
configure:10776: checking for string.h
configure:10776: result: yes
configure:10776: checking sys/socket.h usability
configure:10776: gcc -c -g -O2  conftest.c >&5
configure:10776: $? = 0
configure:10776: result: yes
configure:10776: checking sys/socket.h presence
configure:10776: gcc -E  conftest.c
configure:10776: $? = 0
configure:10776: result: yes
configure:10776: checking for sys/socket.h
configure:10776: result: yes
configure:10776: checking for unistd.h
configure:10776: result: yes
configure:10788: checking for an ANSI C-conforming const
configure:10853: gcc -c -g -O2  conftest.c >&5
configure:10853: $? = 0
configure:10860: result: yes
configure:10868: checking for size_t
configure:10868: gcc -c -g -O2  conftest.c >&5
configure:10868: $? = 0
configure:10868: gcc -c -g -O2  conftest.c >&5
conftest.c: In function 'main':
conftest.c:67: error: expected expression before ')' token
configure:10868: $? = 1
configure: failed program was:
| /* confdefs.h */
| #define PACKAGE_NAME "liblo"
| #define PACKAGE_TARNAME "liblo"
| #define PACKAGE_VERSION "0.26"
| #define PACKAGE_STRING "liblo 0.26"
| #define PACKAGE_BUGREPORT "liblo-devel@lists.sourceforge.net"
| #define PACKAGE_URL ""
| #define PACKAGE "liblo"
| #define VERSION "0.26"
| #define STDC_HEADERS 1
| #define HAVE_SYS_TYPES_H 1
| #define HAVE_SYS_STAT_H 1
| #define HAVE_STDLIB_H 1
| #define HAVE_STRING_H 1
| #define HAVE_MEMORY_H 1
| #define HAVE_STRINGS_H 1
| #define HAVE_INTTYPES_H 1
| #define HAVE_STDINT_H 1
| #define HAVE_UNISTD_H 1
| #define HAVE_DLFCN_H 1
| #define LT_OBJDIR ".libs/"
| #define HAVE_LIBPTHREAD 1
| #define STDC_HEADERS 1
| #define HAVE_NETDB_H 1
| #define HAVE_NETINET_IN_H 1
| #define HAVE_STDLIB_H 1
| #define HAVE_STRING_H 1
| #define HAVE_SYS_SOCKET_H 1
| #define HAVE_UNISTD_H 1
| /* end confdefs.h.  */
| #include <stdio.h>
| #ifdef HAVE_SYS_TYPES_H
| # include <sys/types.h>
| #endif
| #ifdef HAVE_SYS_STAT_H
| # include <sys/stat.h>
| #endif
| #ifdef STDC_HEADERS
| # include <stdlib.h>
| # include <stddef.h>
| #else
| # ifdef HAVE_STDLIB_H
| #  include <stdlib.h>
| # endif
| #endif
| #ifdef HAVE_STRING_H
| # if !defined STDC_HEADERS && defined HAVE_MEMORY_H
| #  include <memory.h>
| # endif
| # include <string.h>
| #endif
| #ifdef HAVE_STRINGS_H
| # include <strings.h>
| #endif
| #ifdef HAVE_INTTYPES_H
| # include <inttypes.h>
| #endif
| #ifdef HAVE_STDINT_H
| # include <stdint.h>
| #endif
| #ifdef HAVE_UNISTD_H
| # include <unistd.h>
| #endif
| int
| main ()
| {
| if (sizeof ((size_t)))
| 	    return 0;
|   ;
|   return 0;
| }
configure:10868: result: yes
configure:10881: checking for select
configure:10881: gcc -o conftest -g -O2   conftest.c -lpthread  >&5
configure:10881: $? = 0
configure:10881: result: yes
configure:10919: checking for poll
configure:10919: gcc -o conftest -g -O2   conftest.c -lpthread  >&5
configure:10919: $? = 0
configure:10919: result: yes
configure:10926: checking for inet_aton
configure:10926: gcc -o conftest -g -O2   conftest.c -lpthread  >&5
configure:10926: $? = 0
configure:10926: result: yes
configure:10934: checking whether byte ordering is bigendian
configure:10949: gcc -c -g -O2  conftest.c >&5
configure:10949: $? = 0
configure:10994: gcc -c -g -O2  conftest.c >&5
configure:10994: $? = 0
configure:11012: gcc -c -g -O2  conftest.c >&5
conftest.c: In function 'main':
conftest.c:41: error: 'not' undeclared (first use in this function)
conftest.c:41: error: (Each undeclared identifier is reported only once
conftest.c:41: error: for each function it appears in.)
conftest.c:41: error: expected ';' before 'big'
configure:11012: $? = 1
configure: failed program was:
| /* confdefs.h */
| #define PACKAGE_NAME "liblo"
| #define PACKAGE_TARNAME "liblo"
| #define PACKAGE_VERSION "0.26"
| #define PACKAGE_STRING "liblo 0.26"
| #define PACKAGE_BUGREPORT "liblo-devel@lists.sourceforge.net"
| #define PACKAGE_URL ""
| #define PACKAGE "liblo"
| #define VERSION "0.26"
| #define STDC_HEADERS 1
| #define HAVE_SYS_TYPES_H 1
| #define HAVE_SYS_STAT_H 1
| #define HAVE_STDLIB_H 1
| #define HAVE_STRING_H 1
| #define HAVE_MEMORY_H 1
| #define HAVE_STRINGS_H 1
| #define HAVE_INTTYPES_H 1
| #define HAVE_STDINT_H 1
| #define HAVE_UNISTD_H 1
| #define HAVE_DLFCN_H 1
| #define LT_OBJDIR ".libs/"
| #define HAVE_LIBPTHREAD 1
| #define STDC_HEADERS 1
| #define HAVE_NETDB_H 1
| #define HAVE_NETINET_IN_H 1
| #define HAVE_STDLIB_H 1
| #define HAVE_STRING_H 1
| #define HAVE_SYS_SOCKET_H 1
| #define HAVE_UNISTD_H 1
| #define HAVE_SELECT 1
| #define HAVE_POLL 1
| #define HAVE_INET_ATON 1
| /* end confdefs.h.  */
| #include <sys/types.h>
| 		#include <sys/param.h>
| 
| int
| main ()
| {
| #if BYTE_ORDER != BIG_ENDIAN
| 		 not big endian
| 		#endif
| 
|   ;
|   return 0;
| }
configure:11140: result: no
configure:11289: creating ./config.status

## ---------------- ##
## Cache variables. ##
## ---------------- ##

ac_cv_build=i386-apple-darwin10.8.0
ac_cv_c_bigendian=no
ac_cv_c_compiler_gnu=yes
ac_cv_c_const=yes
ac_cv_env_CC_set=
ac_cv_env_CC_value=
ac_cv_env_CFLAGS_set=
ac_cv_env_CFLAGS_value=
ac_cv_env_CPPFLAGS_set=
ac_cv_env_CPPFLAGS_value=
ac_cv_env_CPP_set=
ac_cv_env_CPP_value=
ac_cv_env_LDFLAGS_set=
ac_cv_env_LDFLAGS_value=
ac_cv_env_LIBS_set=
ac_cv_env_LIBS_value=
ac_cv_env_build_alias_set=
ac_cv_env_build_alias_value=
ac_cv_env_host_alias_set=
ac_cv_env_host_alias_value=
ac_cv_env_target_alias_set=
ac_cv_env_target_alias_value=
ac_cv_func_inet_aton=yes
ac_cv_func_log=yes
ac_cv_func_poll=yes
ac_cv_func_select=yes
ac_cv_header_dlfcn_h=yes
ac_cv_header_inttypes_h=yes
ac_cv_header_memory_h=yes
ac_cv_header_netdb_h=yes
ac_cv_header_netinet_in_h=yes
ac_cv_header_stdc=yes
ac_cv_header_stdint_h=yes
ac_cv_header_stdlib_h=yes
ac_cv_header_string_h=yes
ac_cv_header_strings_h=yes
ac_cv_header_sys_socket_h=yes
ac_cv_header_sys_stat_h=yes
ac_cv_header_sys_types_h=yes
ac_cv_header_unistd_h=yes
ac_cv_host=i386-apple-darwin10.8.0
ac_cv_lib_pthread_pthread_create=yes
ac_cv_objext=o
ac_cv_path_EGREP='/usr/bin/grep -E'
ac_cv_path_FGREP='/usr/bin/grep -F'
ac_cv_path_GREP=/usr/bin/grep
ac_cv_path_SED=/usr/bin/sed
ac_cv_path_install='/usr/bin/install -c'
ac_cv_prog_AWK=awk
ac_cv_prog_CPP='gcc -E'
ac_cv_prog_ac_ct_AR=ar
ac_cv_prog_ac_ct_CC=gcc
ac_cv_prog_ac_ct_DSYMUTIL=dsymutil
ac_cv_prog_ac_ct_LIPO=lipo
ac_cv_prog_ac_ct_NMEDIT=nmedit
ac_cv_prog_ac_ct_OTOOL=otool
ac_cv_prog_ac_ct_RANLIB=ranlib
ac_cv_prog_ac_ct_STRIP=strip
ac_cv_prog_cc_c89=
ac_cv_prog_cc_g=yes
ac_cv_prog_cc_gcc_c_o=yes
ac_cv_prog_make_make_set=yes
ac_cv_search_recvfrom='none required'
ac_cv_type_size_t=yes
am_cv_CC_dependencies_compiler_type=gcc3
lt_cv_apple_cc_single_mod=yes
lt_cv_deplibs_check_method=pass_all
lt_cv_file_magic_cmd='$MAGIC_CMD'
lt_cv_file_magic_test_file=
lt_cv_ld_exported_symbols_list=yes
lt_cv_ld_reload_flag=-r
lt_cv_nm_interface='BSD nm'
lt_cv_objdir=.libs
lt_cv_path_LD=/usr/libexec/gcc/i686-apple-darwin10/4.2.1/ld
lt_cv_path_NM=/usr/bin/nm
lt_cv_prog_compiler_c_o=yes
lt_cv_prog_compiler_pic_works=yes
lt_cv_prog_compiler_rtti_exceptions=no
lt_cv_prog_compiler_static_works=no
lt_cv_prog_gnu_ld=no
lt_cv_sys_global_symbol_pipe='sed -n -e '\''s/^.*[	 ]\([BCDEGRST][BCDEGRST]*\)[	 ][	 ]*_\([_A-Za-z][_A-Za-z0-9]*\)$/\1 _\2 \2/p'\'''
lt_cv_sys_global_symbol_to_c_name_address='sed -n -e '\''s/^: \([^ ]*\) $/  {\"\1\", (void *) 0},/p'\'' -e '\''s/^[BCDEGRST]* \([^ ]*\) \([^ ]*\)$/  {"\2", (void *) \&\2},/p'\'''
lt_cv_sys_global_symbol_to_c_name_address_lib_prefix='sed -n -e '\''s/^: \([^ ]*\) $/  {\"\1\", (void *) 0},/p'\'' -e '\''s/^[BCDEGRST]* \([^ ]*\) \(lib[^ ]*\)$/  {"\2", (void *) \&\2},/p'\'' -e '\''s/^[BCDEGRST]* \([^ ]*\) \([^ ]*\)$/  {"lib\2", (void *) \&\2},/p'\'''
lt_cv_sys_global_symbol_to_cdecl='sed -n -e '\''s/^T .* \(.*\)$/extern int \1();/p'\'' -e '\''s/^[BCDEGRST]* .* \(.*\)$/extern char \1;/p'\'''
lt_cv_sys_max_cmd_len=196608

## ----------------- ##
## Output variables. ##
## ----------------- ##

ACLOCAL='${SHELL} /Users/adbc/osceleton_git/OSCeleton/liblo-0.26/missing --run aclocal-1.10'
AMDEPBACKSLASH='\'
AMDEP_FALSE='#'
AMDEP_TRUE=''
AMTAR='${SHELL} /Users/adbc/osceleton_git/OSCeleton/liblo-0.26/missing --run tar'
AR='ar'
AUTOCONF='${SHELL} /Users/adbc/osceleton_git/OSCeleton/liblo-0.26/missing --run autoconf'
AUTOHEADER='${SHELL} /Users/adbc/osceleton_git/OSCeleton/liblo-0.26/missing --run autoheader'
AUTOMAKE='${SHELL} /Users/adbc/osceleton_git/OSCeleton/liblo-0.26/missing --run automake-1.10'
AWK='awk'
CC='gcc'
CCDEPMODE='depmode=gcc3'
CFLAGS='-g -O2'
CPP='gcc -E'
CPPFLAGS=''
CYGPATH_W='echo'
DEFS='-DHAVE_CONFIG_H'
DEPDIR='.deps'
DOXYGEN=''
DSYMUTIL='dsymutil'
DUMPBIN=''
ECHO_C='\c'
ECHO_N=''
ECHO_T=''
EGREP='/usr/bin/grep -E'
EXEEXT=''
FGREP='/usr/bin/grep -F'
GREP='/usr/bin/grep'
INSTALL_DATA='${INSTALL} -m 644'
INSTALL_PROGRAM='${INSTALL}'
INSTALL_SCRIPT='${INSTALL}'
INSTALL_STRIP_PROGRAM='$(install_sh) -c -s'
LD='/usr/libexec/gcc/i686-apple-darwin10/4.2.1/ld'
LDFLAGS=''
LIBOBJS=''
LIBS='-lpthread '
LIBTOOL='$(SHELL) $(top_builddir)/libtool'
LIPO='lipo'
LN_S='ln -s'
LO_BIGENDIAN='0'
LO_SO_VERSION='7:0:0'
LTLIBOBJS=''
MAKEINFO='${SHELL} /Users/adbc/osceleton_git/OSCeleton/liblo-0.26/missing --run makeinfo'
MKDIR_P='./install-sh -c -d'
NM='/usr/bin/nm'
NMEDIT='nmedit'
OBJEXT='o'
OTOOL64=':'
OTOOL='otool'
PACKAGE='liblo'
PACKAGE_BUGREPORT='liblo-devel@lists.sourceforge.net'
PACKAGE_NAME='liblo'
PACKAGE_STRING='liblo 0.26'
PACKAGE_TARNAME='liblo'
PACKAGE_URL=''
PACKAGE_VERSION='0.26'
PATH_SEPARATOR=':'
RANLIB='ranlib'
SED='/usr/bin/sed'
SET_MAKE=''
SHELL='/bin/sh'
STRIP='strip'
VERSION='0.26'
ac_ct_CC='gcc'
ac_ct_DUMPBIN=''
am__fastdepCC_FALSE='#'
am__fastdepCC_TRUE=''
am__include='include'
am__isrc=''
am__leading_dot='.'
am__quote=''
am__tar='${AMTAR} chof - "$$tardir"'
am__untar='${AMTAR} xf -'
bindir='${exec_prefix}/bin'
build='i386-apple-darwin10.8.0'
build_alias=''
build_cpu='i386'
build_os='darwin10.8.0'
build_vendor='apple'
datadir='${datarootdir}'
datarootdir='${prefix}/share'
docdir='${datarootdir}/doc/${PACKAGE_TARNAME}'
dvidir='${docdir}'
exec_prefix='${prefix}'
host='i386-apple-darwin10.8.0'
host_alias=''
host_cpu='i386'
host_os='darwin10.8.0'
host_vendor='apple'
htmldir='${docdir}'
includedir='${prefix}/include'
infodir='${datarootdir}/info'
install_sh='$(SHELL) /Users/adbc/osceleton_git/OSCeleton/liblo-0.26/install-sh'
libdir='${exec_prefix}/lib'
libexecdir='${exec_prefix}/libexec'
localedir='${datarootdir}/locale'
localstatedir='${prefix}/var'
lt_ECHO='/bin/echo'
mandir='${datarootdir}/man'
mkdir_p='$(top_builddir)/./install-sh -c -d'
oldincludedir='/usr/include'
pdfdir='${docdir}'
prefix='/usr/local'
program_transform_name='s,x,x,'
psdir='${docdir}'
sbindir='${exec_prefix}/sbin'
sharedstatedir='${prefix}/com'
sysconfdir='${prefix}/etc'
target_alias=''

## ----------- ##
## confdefs.h. ##
## ----------- ##

/* confdefs.h */
#define PACKAGE_NAME "liblo"
#define PACKAGE_TARNAME "liblo"
#define PACKAGE_VERSION "0.26"
#define PACKAGE_STRING "liblo 0.26"
#define PACKAGE_BUGREPORT "liblo-devel@lists.sourceforge.net"
#define PACKAGE_URL ""
#define PACKAGE "liblo"
#define VERSION "0.26"
#define STDC_HEADERS 1
#define HAVE_SYS_TYPES_H 1
#define HAVE_SYS_STAT_H 1
#define HAVE_STDLIB_H 1
#define HAVE_STRING_H 1
#define HAVE_MEMORY_H 1
#define HAVE_STRINGS_H 1
#define HAVE_INTTYPES_H 1
#define HAVE_STDINT_H 1
#define HAVE_UNISTD_H 1
#define HAVE_DLFCN_H 1
#define LT_OBJDIR ".libs/"
#define HAVE_LIBPTHREAD 1
#define STDC_HEADERS 1
#define HAVE_NETDB_H 1
#define HAVE_NETINET_IN_H 1
#define HAVE_STDLIB_H 1
#define HAVE_STRING_H 1
#define HAVE_SYS_SOCKET_H 1
#define HAVE_UNISTD_H 1
#define HAVE_SELECT 1
#define HAVE_POLL 1
#define HAVE_INET_ATON 1
#define LO_BIGENDIAN "0"

configure: exit 0

## ---------------------- ##
## Running config.status. ##
## ---------------------- ##

This file was extended by liblo config.status 0.26, which was
generated by GNU Autoconf 2.68.  Invocation command line was

  CONFIG_FILES    = 
  CONFIG_HEADERS  = 
  CONFIG_LINKS    = 
  CONFIG_COMMANDS = 
  $ ./config.status 

on Alistair-de-Blacquiere-Clarksons-MacBook-Pro.local

config.status:1088: creating Makefile
config.status:1088: creating src/Makefile
config.status:1088: creating src/tools/Makefile
config.status:1088: creating examples/Makefile
config.status:1088: creating lo/Makefile
config.status:1088: creating lo/lo_endian.h
config.status:1088: creating liblo.pc
config.status:1088: creating doc/Makefile
config.status:1088: creating doc/reference.doxygen
config.status:1088: creating build/Makefile
config.status:1088: creating config.h
config.status:1269: config.h is unchanged
config.status:1317: executing depfiles commands
config.status:1317: executing libtool commands
